#
# A fatal error has been detected by the Java Runtime Environment:
#
#  SIGSEGV (0xb) at pc=0x0000000112d2cf95, pid=7615, tid=39247
#
# JRE version: Java(TM) SE Runtime Environment (8.0_45-b14) (build 1.8.0_45-b14)
# Java VM: Java HotSpot(TM) 64-Bit Server VM (25.45-b02 mixed mode bsd-amd64 compressed oops)
# Problematic frame:
# J 18333 C2 org.codehaus.groovy.reflection.CachedClass$8.initValue()Ljava/lang/Object; (5 bytes) @ 0x0000000112d2cf95 [0x0000000112d2ce00+0x195]
#
# Failed to write core dump. Core dumps have been disabled. To enable core dumping, try "ulimit -c unlimited" before starting Java again
#
# If you would like to submit a bug report, please visit:
#   http://bugreport.java.com/bugreport/crash.jsp
#

---------------  T H R E A D  ---------------

Current thread (0x00007fa812fc1800):  JavaThread "Daemon worker Thread 169" [_thread_in_Java, id=39247, stack(0x00000001a4bbb000,0x00000001a4cbb000)]

siginfo: si_signo: 11 (SIGSEGV), si_code: 1 (SEGV_MAPERR), si_addr: 0x000000001000000c

Registers:
RAX=0x0000000155053da0, RBX=0x0000000002000000, RCX=0x000000014f8213e0, RDX=0x000000016216d800
RSP=0x00000001a4cb3490, RBP=0x0000000000000001, RSI=0x000000014f8213e0, RDI=0x000000014f8213fc
R8 =0x0000000029f0427c, R9 =0x000000002c4609ec, R10=0x000000011fb77fd0, R11=0x0000000000000000
R12=0x0000000000000000, R13=0x0000000155046918, R14=0x00000001a4cb3720, R15=0x00007fa812fc1800
RIP=0x0000000112d2cf95, EFLAGS=0x0000000000010206, ERR=0x0000000000000004
  TRAPNO=0x000000000000000e

Top of Stack: (sp=0x00000001a4cb3490)
0x00000001a4cb3490:   0000000155053d60 00000015aeb7ab19
0x00000001a4cb34a0:   00000001a4cb3401 0000000155053d90
0x00000001a4cb34b0:   0000000000000000 00007fa812fc1800
0x00000001a4cb34c0:   00007fa81355ad00 000000000000006f
0x00000001a4cb34d0:   00007fa813efec70 00007fa813efec68
0x00000001a4cb34e0:   00000001a4cb3540 000000010f76039c
0x00000001a4cb34f0:   00000001622ff4c0 0000000113dff2fc
0x00000001a4cb3500:   0000000155053d60 0000000162304f60
0x00000001a4cb3510:   00000001a4cb3630 00007fa812fc1800
0x00000001a4cb3520:   00007fa813efec68 00007fa81355ad00
0x00000001a4cb3530:   0000000000000000 00007fa813efec70
0x00000001a4cb3540:   00000001a4cb3580 000000010f760a0b
0x00000001a4cb3550:   000000002aa0a778 0000000112d20ec4
0x00000001a4cb3560:   0000000155053bc0 000000014f8213e0
0x00000001a4cb3570:   000000016972d188 00007fa812fc1800
0x00000001a4cb3580:   00000001a4cb35b0 000000010f5745f1
0x00000001a4cb3590:   000000011fc3d2e8 00007fa812fc19f8
0x00000001a4cb35a0:   0000000155053bc0 0000000110a0e2d8
0x00000001a4cb35b0:   00000001a4cb3610 000000010f57eb1a
0x00000001a4cb35c0:   00007fa812fc1800 0000000155053bc0
0x00000001a4cb35d0:   00000001a4cb3630 00007fa812fc1800
0x00000001a4cb35e0:   00007fa812fc1800 00007fa812fc19f8
0x00000001a4cb35f0:   00000001a4cb3630 000000000000006f
0x00000001a4cb3600:   00000001a4cb3701 00000001a4cb36f0
0x00000001a4cb3610:   0000000155053bc0 0000000112dce8c0
0x00000001a4cb3620:   000000016972d188 000000014f8213e0
0x00000001a4cb3630:   00000001550468d0 6d2f656d69746e75
0x00000001a4cb3640:   7373616c63617465 646e612f6d6f632f
0x00000001a4cb3650:   0000000029f0427c 00000001113ff310
0x00000001a4cb3660:   6e7265746e692f65 4d6b7361542f6c61
0x00000001a4cb3670:   5f24726567616e61 6150657461657263
0x00000001a4cb3680:   00000001622ff4c0 0000000113dff2fc 

Instructions: (pc=0x0000000112d2cf95)
0x0000000112d2cf75:   d0 7f b7 1f 01 00 00 00 41 0f b6 aa 8c 00 00 00
0x0000000112d2cf85:   85 ed 0f 84 90 09 00 00 85 db 0f 84 18 05 00 00
0x0000000112d2cf95:   41 8b 6c dc 0c 85 ed 74 1c 49 b9 b8 fb cf 1f 01
0x0000000112d2cfa5:   00 00 00 4d 8b 49 68 49 8b 4c dc 20 49 3b c9 0f 

Register to memory mapping:

RAX=0x0000000155053da0 is an oop
java.util.HashMap 
 - klass: 'java/util/HashMap'
RBX=0x0000000002000000 is an unknown value
RCX=0x000000014f8213e0 is an oop
java.lang.Class 
 - klass: 'java/lang/Class'
RDX=0x000000016216d800 is pointing into metadata
RSP=0x00000001a4cb3490 is pointing into the stack for thread: 0x00007fa812fc1800
RBP=0x0000000000000001 is an unknown value
RSI=0x000000014f8213e0 is an oop
java.lang.Class 
 - klass: 'java/lang/Class'
RDI=0x000000014f8213fc is an unknown value
R8 =0x0000000029f0427c is an unknown value
R9 =0x000000002c4609ec is an unknown value
R10=0x000000011fb77fd0 is an oop
java.lang.Class 
 - klass: 'java/lang/Class'
R11=0x0000000000000000 is an unknown value
R12=0x0000000000000000 is an unknown value
R13=0x0000000155046918 is an oop
org.codehaus.groovy.util.ReferenceType$SoftRef 
 - klass: 'org/codehaus/groovy/util/ReferenceType$SoftRef'
R14=0x00000001a4cb3720 is pointing into the stack for thread: 0x00007fa812fc1800
R15=0x00007fa812fc1800 is a thread


Stack: [0x00000001a4bbb000,0x00000001a4cbb000],  sp=0x00000001a4cb3490,  free space=993k
Native frames: (J=compiled Java code, j=interpreted, Vv=VM code, C=native code)
J 18333 C2 org.codehaus.groovy.reflection.CachedClass$8.initValue()Ljava/lang/Object; (5 bytes) @ 0x0000000112d2cf95 [0x0000000112d2ce00+0x195]


---------------  P R O C E S S  ---------------

Java Threads: ( => current thread )
  0x00007fa81428c000 JavaThread "Stdin handler" [_thread_blocked, id=39091, stack(0x00000001a4cbe000,0x00000001a4dbe000)]
  0x00007fa810d4c000 JavaThread "Cancel handler" [_thread_blocked, id=42339, stack(0x00000001a48b8000,0x00000001a49b8000)]
  0x00007fa8100dc000 JavaThread "Handler for socket connection from /127.0.0.1:57575 to /127.0.0.1:60427" [_thread_in_native, id=24783, stack(0x00000001a47b5000,0x00000001a48b5000)]
=>0x00007fa812fc1800 JavaThread "Daemon worker Thread 169" [_thread_in_Java, id=39247, stack(0x00000001a4bbb000,0x00000001a4cbb000)]
  0x00007fa813c18800 JavaThread "Daemon Thread 169" [_thread_blocked, id=44779, stack(0x00000001a40eb000,0x00000001a41eb000)]
  0x00007fa80a7c1000 JavaThread "File lock request listener" [_thread_in_native, id=17419, stack(0x00000001a62a2000,0x00000001a63a2000)]
  0x00007fa80a360000 JavaThread "Incoming local TCP Connector on port 57575" [_thread_in_native, id=23811, stack(0x00000001a46b2000,0x00000001a47b2000)]
  0x00007fa80b068000 JavaThread "Service Thread" daemon [_thread_blocked, id=22787, stack(0x00000001a3d33000,0x00000001a3e33000)]
  0x00007fa80b05d000 JavaThread "C1 CompilerThread1" daemon [_thread_blocked, id=22275, stack(0x00000001a3c30000,0x00000001a3d30000)]
  0x00007fa80b019000 JavaThread "C2 CompilerThread0" daemon [_thread_blocked, id=21763, stack(0x00000001a3b2d000,0x00000001a3c2d000)]
  0x00007fa80b000800 JavaThread "Signal Dispatcher" daemon [_thread_blocked, id=21251, stack(0x00000001a3a2a000,0x00000001a3b2a000)]
  0x00007fa80a067000 JavaThread "Finalizer" daemon [_thread_blocked, id=16643, stack(0x00000001a376f000,0x00000001a386f000)]
  0x00007fa80a066800 JavaThread "Reference Handler" daemon [_thread_blocked, id=16131, stack(0x00000001a366c000,0x00000001a376c000)]
  0x00007fa80b007800 JavaThread "main" [_thread_blocked, id=6659, stack(0x00000001101ae000,0x00000001102ae000)]

Other Threads:
  0x00007fa80a064000 VMThread [stack: 0x00000001a3569000,0x00000001a3669000] [id=15619]
  0x00007fa80a040000 WatcherThread [stack: 0x00000001a3e36000,0x00000001a3f36000] [id=23299]

VM state:not at safepoint (normal execution)

VM Mutex/Monitor currently owned by a thread: None

Heap:
 PSYoungGen      total 264192K, used 177411K [0x000000014a500000, 0x000000015f600000, 0x000000015fa00000)
  eden space 242688K, 73% used [0x000000014a500000,0x0000000155240eb0,0x0000000159200000)
  from space 21504K, 0% used [0x0000000159200000,0x0000000159200000,0x000000015a700000)
  to   space 51200K, 0% used [0x000000015c400000,0x000000015c400000,0x000000015f600000)
 ParOldGen       total 699392K, used 650197K [0x000000011fa00000, 0x000000014a500000, 0x000000014a500000)
  object space 699392K, 92% used [0x000000011fa00000,0x00000001474f5590,0x000000014a500000)
 Metaspace       used 815446K, capacity 834027K, committed 839936K, reserved 1767424K
  class space    used 113553K, capacity 120189K, committed 121088K, reserved 1048576K

Card table byte_map: [0x000000015fa00000,0x000000015fc01000] byte_map_base: 0x000000015f103000

Marking Bits: (ParMarkBitMap*) 0x000000010fb067a0
 Begin Bits: [0x000000015ff5d000, 0x0000000160f5d000)
 End Bits:   [0x0000000160f5d000, 0x0000000161f5d000)

Polling page: 0x00000001102f3000

CodeCache: size=245760Kb used=86075Kb max_used=86075Kb free=159684Kb
 bounds [0x0000000110389000, 0x0000000115839000, 0x000000011f389000]
 total_blobs=24933 nmethods=24187 adapters=659
 compilation: enabled

Compilation events (10 events):
Event: 107096.779 Thread 0x00007fa80b05d000 43711       1       com.android.sdklib.repository.descriptors.PkgDesc::getType (5 bytes)
Event: 107096.779 Thread 0x00007fa80b05d000 nmethod 43711 0x0000000115814ed0 code [0x0000000115815020, 0x0000000115815130]
Event: 107096.789 Thread 0x00007fa80b05d000 43712       3       com.google.common.base.Preconditions::checkNotNull (14 bytes)
Event: 107096.790 Thread 0x00007fa80b05d000 nmethod 43712 0x0000000110db5c90 code [0x0000000110db5e00, 0x0000000110db6028]
Event: 107097.033 Thread 0x00007fa80b05d000 43713       3       com.android.build.gradle.internal.api.DefaultAndroidSourceSet_Decorated::getConventionMapping (30 bytes)
Event: 107097.036 Thread 0x00007fa80b05d000 nmethod 43713 0x0000000115831f10 code [0x0000000115832140, 0x0000000115832cb8]
Event: 107097.043 Thread 0x00007fa80b05d000 43714       1       com.google.common.collect.AbstractMapBasedMultimap::access$000 (5 bytes)
Event: 107097.044 Thread 0x00007fa80b05d000 nmethod 43714 0x0000000111560fd0 code [0x0000000111561120, 0x0000000111561210]
Event: 107097.054 Thread 0x00007fa80b05d000 43715       3       com.google.common.collect.AbstractMapBasedMultimap$WrappedCollection::refreshIfEmpty (78 bytes)
Event: 107097.055 Thread 0x00007fa80b05d000 nmethod 43715 0x0000000114b1ea50 code [0x0000000114b1ec20, 0x0000000114b1f378]

GC Heap History (10 events):
Event: 106900.888 GC heap before
{Heap before GC invocations=488 (full 149):
 PSYoungGen      total 295936K, used 92497K [0x000000014a500000, 0x000000015fa00000, 0x000000015fa00000)
  eden space 241152K, 26% used [0x000000014a500000,0x000000014e2d0fa8,0x0000000159080000)
  from space 54784K, 53% used [0x000000015c480000,0x000000015e1036c8,0x000000015fa00000)
  to   space 53248K, 0% used [0x0000000159080000,0x0000000159080000,0x000000015c480000)
 ParOldGen       total 699392K, used 632679K [0x000000011fa00000, 0x000000014a500000, 0x000000014a500000)
  object space 699392K, 90% used [0x000000011fa00000,0x00000001463d9fb0,0x000000014a500000)
 Metaspace       used 799960K, capacity 817679K, committed 823936K, reserved 1755136K
  class space    used 111371K, capacity 117702K, committed 118656K, reserved 1048576K
Event: 106900.959 GC heap after
Heap after GC invocations=488 (full 149):
 PSYoungGen      total 294400K, used 21359K [0x000000014a500000, 0x000000015fa00000, 0x000000015fa00000)
  eden space 241152K, 0% used [0x000000014a500000,0x000000014a500000,0x0000000159080000)
  from space 53248K, 40% used [0x0000000159080000,0x000000015a55bd10,0x000000015c480000)
  to   space 53248K, 0% used [0x000000015c600000,0x000000015c600000,0x000000015fa00000)
 ParOldGen       total 699392K, used 632679K [0x000000011fa00000, 0x000000014a500000, 0x000000014a500000)
  object space 699392K, 90% used [0x000000011fa00000,0x00000001463d9fb0,0x000000014a500000)
 Metaspace       used 799960K, capacity 817679K, committed 823936K, reserved 1755136K
  class space    used 111371K, capacity 117702K, committed 118656K, reserved 1048576K
}
Event: 106900.959 GC heap before
{Heap before GC invocations=489 (full 150):
 PSYoungGen      total 294400K, used 21359K [0x000000014a500000, 0x000000015fa00000, 0x000000015fa00000)
  eden space 241152K, 0% used [0x000000014a500000,0x000000014a500000,0x0000000159080000)
  from space 53248K, 40% used [0x0000000159080000,0x000000015a55bd10,0x000000015c480000)
  to   space 53248K, 0% used [0x000000015c600000,0x000000015c600000,0x000000015fa00000)
 ParOldGen       total 699392K, used 632679K [0x000000011fa00000, 0x000000014a500000, 0x000000014a500000)
  object space 699392K, 90% used [0x000000011fa00000,0x00000001463d9fb0,0x000000014a500000)
 Metaspace       used 799960K, capacity 817679K, committed 823936K, reserved 1755136K
  class space    used 111371K, capacity 117702K, committed 118656K, reserved 1048576K
Event: 106905.228 GC heap after
Heap after GC invocations=489 (full 150):
 PSYoungGen      total 294400K, used 0K [0x000000014a500000, 0x000000015fa00000, 0x000000015fa00000)
  eden space 241152K, 0% used [0x000000014a500000,0x000000014a500000,0x0000000159080000)
  from space 53248K, 0% used [0x0000000159080000,0x0000000159080000,0x000000015c480000)
  to   space 53248K, 0% used [0x000000015c600000,0x000000015c600000,0x000000015fa00000)
 ParOldGen       total 699392K, used 650941K [0x000000011fa00000, 0x000000014a500000, 0x000000014a500000)
  object space 699392K, 93% used [0x000000011fa00000,0x00000001475af4a0,0x000000014a500000)
 Metaspace       used 799960K, capacity 817679K, committed 823936K, reserved 1755136K
  class space    used 111371K, capacity 117702K, committed 118656K, reserved 1048576K
}
Event: 107025.091 GC heap before
{Heap before GC invocations=490 (full 150):
 PSYoungGen      total 294400K, used 241152K [0x000000014a500000, 0x000000015fa00000, 0x000000015fa00000)
  eden space 241152K, 100% used [0x000000014a500000,0x0000000159080000,0x0000000159080000)
  from space 53248K, 0% used [0x0000000159080000,0x0000000159080000,0x000000015c480000)
  to   space 53248K, 0% used [0x000000015c600000,0x000000015c600000,0x000000015fa00000)
 ParOldGen       total 699392K, used 650941K [0x000000011fa00000, 0x000000014a500000, 0x000000014a500000)
  object space 699392K, 93% used [0x000000011fa00000,0x00000001475af4a0,0x000000014a500000)
 Metaspace       used 808003K, capacity 826397K, committed 832128K, reserved 1761280K
  class space    used 112555K, capacity 119148K, committed 119936K, reserved 1048576K
Event: 107025.173 GC heap after
Heap after GC invocations=490 (full 150):
 PSYoungGen      total 292864K, used 28989K [0x000000014a500000, 0x000000015f700000, 0x000000015fa00000)
  eden space 242688K, 0% used [0x000000014a500000,0x000000014a500000,0x0000000159200000)
  from space 50176K, 57% used [0x000000015c600000,0x000000015e24f498,0x000000015f700000)
  to   space 51712K, 0% used [0x0000000159200000,0x0000000159200000,0x000000015c480000)
 ParOldGen       total 699392K, used 650949K [0x000000011fa00000, 0x000000014a500000, 0x000000014a500000)
  object space 699392K, 93% used [0x000000011fa00000,0x00000001475b14a0,0x000000014a500000)
 Metaspace       used 808003K, capacity 826397K, committed 832128K, reserved 1761280K
  class space    used 112555K, capacity 119148K, committed 119936K, reserved 1048576K
}
Event: 107037.369 GC heap before
{Heap before GC invocations=491 (full 150):
 PSYoungGen      total 292864K, used 97365K [0x000000014a500000, 0x000000015f700000, 0x000000015fa00000)
  eden space 242688K, 28% used [0x000000014a500000,0x000000014e7c6308,0x0000000159200000)
  from space 50176K, 57% used [0x000000015c600000,0x000000015e24f498,0x000000015f700000)
  to   space 51712K, 0% used [0x0000000159200000,0x0000000159200000,0x000000015c480000)
 ParOldGen       total 699392K, used 650949K [0x000000011fa00000, 0x000000014a500000, 0x000000014a500000)
  object space 699392K, 93% used [0x000000011fa00000,0x00000001475b14a0,0x000000014a500000)
 Metaspace       used 809079K, capacity 827595K, committed 833152K, reserved 1763328K
  class space    used 112749K, capacity 119401K, committed 120192K, reserved 1048576K
Event: 107037.477 GC heap after
Heap after GC invocations=491 (full 150):
 PSYoungGen      total 264192K, used 21439K [0x000000014a500000, 0x000000015f600000, 0x000000015fa00000)
  eden space 242688K, 0% used [0x000000014a500000,0x000000014a500000,0x0000000159200000)
  from space 21504K, 99% used [0x0000000159200000,0x000000015a6efce0,0x000000015a700000)
  to   space 51200K, 0% used [0x000000015c400000,0x000000015c400000,0x000000015f600000)
 ParOldGen       total 699392K, used 650949K [0x000000011fa00000, 0x000000014a500000, 0x000000014a500000)
  object space 699392K, 93% used [0x000000011fa00000,0x00000001475b14a0,0x000000014a500000)
 Metaspace       used 809079K, capacity 827595K, committed 833152K, reserved 1763328K
  class space    used 112749K, capacity 119401K, committed 120192K, reserved 1048576K
}
Event: 107037.477 GC heap before
{Heap before GC invocations=492 (full 151):
 PSYoungGen      total 264192K, used 21439K [0x000000014a500000, 0x000000015f600000, 0x000000015fa00000)
  eden space 242688K, 0% used [0x000000014a500000,0x000000014a500000,0x0000000159200000)
  from space 21504K, 99% used [0x0000000159200000,0x000000015a6efce0,0x000000015a700000)
  to   space 51200K, 0% used [0x000000015c400000,0x000000015c400000,0x000000015f600000)
 ParOldGen       total 699392K, used 650949K [0x000000011fa00000, 0x000000014a500000, 0x000000014a500000)
  object space 699392K, 93% used [0x000000011fa00000,0x00000001475b14a0,0x000000014a500000)
 Metaspace       used 809079K, capacity 827595K, committed 833152K, reserved 1763328K
  class space    used 112749K, capacity 119401K, committed 120192K, reserved 1048576K
Event: 107041.704 GC heap after
Heap after GC invocations=492 (full 151):
 PSYoungGen      total 264192K, used 0K [0x000000014a500000, 0x000000015f600000, 0x000000015fa00000)
  eden space 242688K, 0% used [0x000000014a500000,0x000000014a500000,0x0000000159200000)
  from space 21504K, 0% used [0x0000000159200000,0x0000000159200000,0x000000015a700000)
  to   space 51200K, 0% used [0x000000015c400000,0x000000015c400000,0x000000015f600000)
 ParOldGen       total 699392K, used 650197K [0x000000011fa00000, 0x000000014a500000, 0x000000014a500000)
  object space 699392K, 92% used [0x000000011fa00000,0x00000001474f5590,0x000000014a500000)
 Metaspace       used 808656K, capacity 826737K, committed 833152K, reserved 1763328K
  class space    used 112565K, capacity 118991K, committed 120192K, reserved 1048576K
}

Deoptimization events (10 events):
Event: 104599.542 Thread 0x00007fa810f8a000 Uncommon trap: reason=null_check action=make_not_entrant pc=0x000000011527d6a0 method=com.android.ide.common.res2.NodeUtils.processSingleNodeNamespace(Lorg/w3c/dom/Node;Lorg/w3c/dom/Document;)Z @ 8
Event: 105281.006 Thread 0x00007fa812e0d000 Uncommon trap: reason=null_check action=make_not_entrant pc=0x000000011532bb20 method=com.android.ide.common.res2.NodeUtils.processSingleNodeNamespace(Lorg/w3c/dom/Node;Lorg/w3c/dom/Document;)Z @ 8
Event: 105616.965 Thread 0x00007fa810e99000 Uncommon trap: reason=unstable_if action=reinterpret pc=0x00000001153b52f8 method=com.android.resources.ResourceType.getEnum(Ljava/lang/String;)Lcom/android/resources/ResourceType; @ 77
Event: 105617.096 Thread 0x00007fa810e99000 Uncommon trap: reason=null_check action=make_not_entrant pc=0x00000001153dee60 method=com.android.ide.common.res2.NodeUtils.processSingleNodeNamespace(Lorg/w3c/dom/Node;Lorg/w3c/dom/Document;)Z @ 8
Event: 105848.713 Thread 0x00007fa812c28000 Uncommon trap: reason=null_check action=make_not_entrant pc=0x00000001154fb020 method=com.android.ide.common.res2.NodeUtils.processSingleNodeNamespace(Lorg/w3c/dom/Node;Lorg/w3c/dom/Document;)Z @ 8
Event: 106099.654 Thread 0x00007fa813aa3800 Uncommon trap: reason=null_check action=make_not_entrant pc=0x00000001155713a0 method=com.android.ide.common.res2.NodeUtils.processSingleNodeNamespace(Lorg/w3c/dom/Node;Lorg/w3c/dom/Document;)Z @ 8
Event: 106634.514 Thread 0x00007fa80fb50000 Uncommon trap: reason=unstable_if action=reinterpret pc=0x000000011564dcf8 method=com.android.resources.ResourceType.getEnum(Ljava/lang/String;)Lcom/android/resources/ResourceType; @ 77
Event: 106634.712 Thread 0x00007fa80fb50000 Uncommon trap: reason=null_check action=make_not_entrant pc=0x000000011566aa60 method=com.android.ide.common.res2.NodeUtils.processSingleNodeNamespace(Lorg/w3c/dom/Node;Lorg/w3c/dom/Document;)Z @ 8
Event: 106713.084 Thread 0x00007fa813e39800 Uncommon trap: reason=unstable_if action=reinterpret pc=0x00000001156a95b8 method=com.android.resources.ResourceType.getEnum(Ljava/lang/String;)Lcom/android/resources/ResourceType; @ 77
Event: 107024.911 Thread 0x00007fa812fc1800 Uncommon trap: reason=null_check action=make_not_entrant pc=0x00000001157e05e0 method=com.android.ide.common.res2.NodeUtils.processSingleNodeNamespace(Lorg/w3c/dom/Node;Lorg/w3c/dom/Document;)Z @ 8

Internal exceptions (10 events):
Event: 107097.634 Thread 0x00007fa812fc1800 Exception <a 'java/lang/ClassNotFoundException': com/android/build/gradle/tasks/PackageApplicationCustomizer> (0x00000001549e5290) thrown at [/Users/java_re/workspace/8-2-build-macosx-x86_64/jdk8u45/3457/hotspot/src/share/vm/classfile/systemDictionary.cpp
Event: 107097.635 Thread 0x00007fa812fc1800 Exception <a 'java/lang/ClassNotFoundException': com/android/build/gradle/tasks/PackageApplication_DecoratedCustomizer> (0x0000000154a5e9c8) thrown at [/Users/java_re/workspace/8-2-build-macosx-x86_64/jdk8u45/3457/hotspot/src/share/vm/classfile/systemDict
Event: 107097.676 Thread 0x00007fa812fc1800 Exception <a 'java/lang/ClassNotFoundException': com/android/build/gradle/internal/tasks/ValidateSigningTask_DecoratedBeanInfo> (0x0000000154d76a80) thrown at [/Users/java_re/workspace/8-2-build-macosx-x86_64/jdk8u45/3457/hotspot/src/share/vm/classfile/sy
Event: 107097.676 Thread 0x00007fa812fc1800 Exception <a 'java/lang/ClassNotFoundException': com/android/build/gradle/internal/tasks/ValidateSigningTaskBeanInfo> (0x0000000154d86e38) thrown at [/Users/java_re/workspace/8-2-build-macosx-x86_64/jdk8u45/3457/hotspot/src/share/vm/classfile/systemDictio
Event: 107097.677 Thread 0x00007fa812fc1800 Exception <a 'java/lang/ClassNotFoundException': com/android/build/gradle/internal/tasks/ValidateSigningTaskCustomizer> (0x0000000154d974e0) thrown at [/Users/java_re/workspace/8-2-build-macosx-x86_64/jdk8u45/3457/hotspot/src/share/vm/classfile/systemDict
Event: 107097.680 Thread 0x00007fa812fc1800 Exception <a 'java/lang/ClassNotFoundException': com/android/build/gradle/internal/tasks/ValidateSigningTask_DecoratedCustomizer> (0x0000000154de98c0) thrown at [/Users/java_re/workspace/8-2-build-macosx-x86_64/jdk8u45/3457/hotspot/src/share/vm/classfile/
Event: 107097.699 Thread 0x00007fa812fc1800 Exception <a 'java/lang/ClassNotFoundException': com/android/build/gradle/tasks/ZipAlign_DecoratedBeanInfo> (0x0000000154f4f7d0) thrown at [/Users/java_re/workspace/8-2-build-macosx-x86_64/jdk8u45/3457/hotspot/src/share/vm/classfile/systemDictionary.cpp, 
Event: 107097.700 Thread 0x00007fa812fc1800 Exception <a 'java/lang/ClassNotFoundException': com/android/build/gradle/tasks/ZipAlignBeanInfo> (0x0000000154f5cb78) thrown at [/Users/java_re/workspace/8-2-build-macosx-x86_64/jdk8u45/3457/hotspot/src/share/vm/classfile/systemDictionary.cpp, line 210]
Event: 107097.700 Thread 0x00007fa812fc1800 Exception <a 'java/lang/ClassNotFoundException': com/android/build/gradle/tasks/ZipAlignCustomizer> (0x0000000154f6a1f0) thrown at [/Users/java_re/workspace/8-2-build-macosx-x86_64/jdk8u45/3457/hotspot/src/share/vm/classfile/systemDictionary.cpp, line 210
Event: 107097.702 Thread 0x00007fa812fc1800 Exception <a 'java/lang/ClassNotFoundException': com/android/build/gradle/tasks/ZipAlign_DecoratedCustomizer> (0x0000000154fb7fc8) thrown at [/Users/java_re/workspace/8-2-build-macosx-x86_64/jdk8u45/3457/hotspot/src/share/vm/classfile/systemDictionary.cpp

Events (10 events):
Event: 107097.700 loading class com/android/build/gradle/tasks/ZipAlignCustomizer
Event: 107097.700 loading class com/android/build/gradle/tasks/ZipAlignCustomizer done
Event: 107097.700 loading class com/android/build/gradle/tasks/ZipAlignCustomizer
Event: 107097.700 loading class com/android/build/gradle/tasks/ZipAlignCustomizer done
Event: 107097.701 loading class com/android/build/gradle/tasks/ZipAlign_DecoratedCustomizer
Event: 107097.701 loading class com/android/build/gradle/tasks/ZipAlign_DecoratedCustomizer done
Event: 107097.701 loading class com/android/build/gradle/tasks/ZipAlign_DecoratedCustomizer
Event: 107097.701 loading class com/android/build/gradle/tasks/ZipAlign_DecoratedCustomizer done
Event: 107097.708 loading class groovy/runtime/metaclass/com/android/build/gradle/internal/TaskManager$_createPackagingTask_closure174MetaClass
Event: 107097.708 loading class groovy/runtime/metaclass/com/android/build/gradle/internal/TaskManager$_createPackagingTask_closure174MetaClass done


Dynamic libraries:
0x0000000009006000 	/System/Library/Frameworks/Cocoa.framework/Versions/A/Cocoa
0x0000000009006000 	/System/Library/Frameworks/Security.framework/Versions/A/Security
0x0000000009006000 	/System/Library/Frameworks/ApplicationServices.framework/Versions/A/ApplicationServices
0x0000000009006000 	/usr/lib/libz.1.dylib
0x0000000009006000 	/usr/lib/libSystem.B.dylib
0x0000000009006000 	/usr/lib/libobjc.A.dylib
0x0000000009006000 	/System/Library/Frameworks/CoreFoundation.framework/Versions/A/CoreFoundation
0x0000000009006000 	/System/Library/Frameworks/Foundation.framework/Versions/C/Foundation
0x0000000009006000 	/System/Library/Frameworks/AppKit.framework/Versions/C/AppKit
0x0000000009006000 	/System/Library/Frameworks/CoreData.framework/Versions/A/CoreData
0x0000000009006000 	/System/Library/PrivateFrameworks/RemoteViewServices.framework/Versions/A/RemoteViewServices
0x0000000009006000 	/System/Library/Frameworks/AudioToolbox.framework/Versions/A/AudioToolbox
0x0000000009006000 	/System/Library/Frameworks/AudioUnit.framework/Versions/A/AudioUnit
0x0000000009006000 	/System/Library/PrivateFrameworks/DataDetectorsCore.framework/Versions/A/DataDetectorsCore
0x0000000009006000 	/System/Library/PrivateFrameworks/DesktopServicesPriv.framework/Versions/A/DesktopServicesPriv
0x0000000009006000 	/System/Library/Frameworks/Carbon.framework/Versions/A/Frameworks/HIToolbox.framework/Versions/A/HIToolbox
0x0000000009006000 	/System/Library/Frameworks/QuartzCore.framework/Versions/A/QuartzCore
0x0000000009006000 	/System/Library/Frameworks/Carbon.framework/Versions/A/Frameworks/SpeechRecognition.framework/Versions/A/SpeechRecognition
0x0000000009006000 	/usr/lib/libauto.dylib
0x0000000009006000 	/usr/lib/libicucore.A.dylib
0x0000000009006000 	/usr/lib/libxml2.2.dylib
0x0000000009006000 	/System/Library/PrivateFrameworks/CoreUI.framework/Versions/A/CoreUI
0x0000000009006000 	/System/Library/Frameworks/CoreAudio.framework/Versions/A/CoreAudio
0x0000000009006000 	/System/Library/Frameworks/DiskArbitration.framework/Versions/A/DiskArbitration
0x0000000009006000 	/usr/lib/liblangid.dylib
0x0000000009006000 	/System/Library/PrivateFrameworks/MultitouchSupport.framework/Versions/A/MultitouchSupport
0x0000000009006000 	/System/Library/Frameworks/IOKit.framework/Versions/A/IOKit
0x0000000009006000 	/usr/lib/libDiagnosticMessagesClient.dylib
0x0000000009006000 	/System/Library/Frameworks/CoreServices.framework/Versions/A/CoreServices
0x0000000009006000 	/System/Library/PrivateFrameworks/PerformanceAnalysis.framework/Versions/A/PerformanceAnalysis
0x0000000009006000 	/System/Library/PrivateFrameworks/GenerationalStorage.framework/Versions/A/GenerationalStorage
0x0000000009006000 	/System/Library/Frameworks/OpenGL.framework/Versions/A/OpenGL
0x0000000009006000 	/System/Library/Frameworks/CoreText.framework/Versions/A/CoreText
0x0000000009006000 	/System/Library/Frameworks/ImageIO.framework/Versions/A/ImageIO
0x0000000009006000 	/System/Library/PrivateFrameworks/Backup.framework/Versions/A/Backup
0x0000000009006000 	/System/Library/Frameworks/CFNetwork.framework/Versions/A/CFNetwork
0x0000000009006000 	/System/Library/Frameworks/SystemConfiguration.framework/Versions/A/SystemConfiguration
0x0000000009006000 	/usr/lib/libCRFSuite.dylib
0x0000000009006000 	/System/Library/PrivateFrameworks/TCC.framework/Versions/A/TCC
0x0000000009006000 	/usr/lib/libc++.1.dylib
0x0000000009006000 	/usr/lib/libc++abi.dylib
0x0000000009006000 	/usr/lib/system/libcache.dylib
0x0000000009006000 	/usr/lib/system/libcommonCrypto.dylib
0x0000000009006000 	/usr/lib/system/libcompiler_rt.dylib
0x0000000009006000 	/usr/lib/system/libcopyfile.dylib
0x0000000009006000 	/usr/lib/system/libdispatch.dylib
0x0000000009006000 	/usr/lib/system/libdnsinfo.dylib
0x0000000009006000 	/usr/lib/system/libdyld.dylib
0x0000000009006000 	/usr/lib/system/libkeymgr.dylib
0x0000000009006000 	/usr/lib/system/liblaunch.dylib
0x0000000009006000 	/usr/lib/system/libmacho.dylib
0x0000000009006000 	/usr/lib/system/libquarantine.dylib
0x0000000009006000 	/usr/lib/system/libremovefile.dylib
0x0000000009006000 	/usr/lib/system/libsystem_blocks.dylib
0x0000000009006000 	/usr/lib/system/libsystem_c.dylib
0x0000000009006000 	/usr/lib/system/libsystem_dnssd.dylib
0x0000000009006000 	/usr/lib/system/libsystem_info.dylib
0x0000000009006000 	/usr/lib/system/libsystem_kernel.dylib
0x0000000009006000 	/usr/lib/system/libsystem_m.dylib
0x0000000009006000 	/usr/lib/system/libsystem_network.dylib
0x0000000009006000 	/usr/lib/system/libsystem_notify.dylib
0x0000000009006000 	/usr/lib/system/libsystem_sandbox.dylib
0x0000000009006000 	/usr/lib/system/libunc.dylib
0x0000000009006000 	/usr/lib/system/libunwind.dylib
0x0000000009006000 	/usr/lib/system/libxpc.dylib
0x0000000009006000 	/usr/lib/system/libcorecrypto.dylib
0x0000000009006000 	/usr/lib/libstdc++.6.dylib
0x0000000009006000 	/usr/lib/libbsm.0.dylib
0x0000000009006000 	/usr/lib/libsqlite3.dylib
0x0000000009006000 	/usr/lib/libxar.1.dylib
0x0000000009006000 	/usr/lib/libpam.2.dylib
0x0000000009006000 	/usr/lib/libOpenScriptingUtil.dylib
0x0000000009006000 	/usr/lib/libbz2.1.0.dylib
0x0000000009006000 	/System/Library/Frameworks/CoreServices.framework/Versions/A/Frameworks/CarbonCore.framework/Versions/A/CarbonCore
0x0000000009006000 	/System/Library/Frameworks/CoreServices.framework/Versions/A/Frameworks/Metadata.framework/Versions/A/Metadata
0x0000000009006000 	/System/Library/Frameworks/CoreServices.framework/Versions/A/Frameworks/OSServices.framework/Versions/A/OSServices
0x0000000009006000 	/System/Library/Frameworks/CoreServices.framework/Versions/A/Frameworks/SearchKit.framework/Versions/A/SearchKit
0x0000000009006000 	/System/Library/Frameworks/CoreServices.framework/Versions/A/Frameworks/AE.framework/Versions/A/AE
0x0000000009006000 	/System/Library/Frameworks/CoreServices.framework/Versions/A/Frameworks/LaunchServices.framework/Versions/A/LaunchServices
0x0000000009006000 	/System/Library/Frameworks/CoreServices.framework/Versions/A/Frameworks/DictionaryServices.framework/Versions/A/DictionaryServices
0x0000000009006000 	/System/Library/Frameworks/NetFS.framework/Versions/A/NetFS
0x0000000009006000 	/usr/lib/system/libkxld.dylib
0x0000000009006000 	/System/Library/PrivateFrameworks/NetAuth.framework/Versions/A/NetAuth
0x0000000009006000 	/System/Library/Frameworks/OpenDirectory.framework/Versions/A/Frameworks/CFOpenDirectory.framework/Versions/A/CFOpenDirectory
0x0000000009006000 	/usr/lib/libxslt.1.dylib
0x0000000009006000 	/System/Library/PrivateFrameworks/FamilyControls.framework/Versions/A/FamilyControls
0x0000000009006000 	/System/Library/Frameworks/Carbon.framework/Versions/A/Frameworks/Ink.framework/Versions/A/Ink
0x0000000009006000 	/System/Library/Frameworks/ApplicationServices.framework/Versions/A/Frameworks/CoreGraphics.framework/Versions/A/CoreGraphics
0x0000000009006000 	/System/Library/Frameworks/ApplicationServices.framework/Versions/A/Frameworks/ATS.framework/Versions/A/ATS
0x0000000009006000 	/System/Library/Frameworks/ApplicationServices.framework/Versions/A/Frameworks/ColorSync.framework/Versions/A/ColorSync
0x0000000009006000 	/System/Library/Frameworks/ApplicationServices.framework/Versions/A/Frameworks/HIServices.framework/Versions/A/HIServices
0x0000000009006000 	/System/Library/Frameworks/ApplicationServices.framework/Versions/A/Frameworks/LangAnalysis.framework/Versions/A/LangAnalysis
0x0000000009006000 	/System/Library/Frameworks/ApplicationServices.framework/Versions/A/Frameworks/PrintCore.framework/Versions/A/PrintCore
0x0000000009006000 	/System/Library/Frameworks/ApplicationServices.framework/Versions/A/Frameworks/QD.framework/Versions/A/QD
0x0000000009006000 	/System/Library/Frameworks/ApplicationServices.framework/Versions/A/Frameworks/SpeechSynthesis.framework/Versions/A/SpeechSynthesis
0x0000000009006000 	/System/Library/Frameworks/IOSurface.framework/Versions/A/IOSurface
0x0000000009006000 	/System/Library/Frameworks/Accelerate.framework/Versions/A/Accelerate
0x0000000009006000 	/System/Library/Frameworks/ApplicationServices.framework/Versions/A/Frameworks/ATS.framework/Versions/A/Resources/libFontParser.dylib
0x0000000009006000 	/System/Library/Frameworks/ApplicationServices.framework/Versions/A/Frameworks/ATS.framework/Versions/A/Resources/libFontRegistry.dylib
0x0000000009006000 	/System/Library/Frameworks/Accelerate.framework/Versions/A/Frameworks/vImage.framework/Versions/A/vImage
0x0000000009006000 	/System/Library/Frameworks/Accelerate.framework/Versions/A/Frameworks/vecLib.framework/Versions/A/vecLib
0x0000000009006000 	/System/Library/Frameworks/Accelerate.framework/Versions/A/Frameworks/vecLib.framework/Versions/A/libvDSP.dylib
0x0000000009006000 	/System/Library/Frameworks/Accelerate.framework/Versions/A/Frameworks/vecLib.framework/Versions/A/libvMisc.dylib
0x0000000009006000 	/System/Library/Frameworks/Accelerate.framework/Versions/A/Frameworks/vecLib.framework/Versions/A/libLAPACK.dylib
0x0000000009006000 	/System/Library/Frameworks/Accelerate.framework/Versions/A/Frameworks/vecLib.framework/Versions/A/libBLAS.dylib
0x0000000009006000 	/System/Library/Frameworks/ImageIO.framework/Versions/A/Resources/libJPEG.dylib
0x0000000009006000 	/System/Library/Frameworks/ImageIO.framework/Versions/A/Resources/libTIFF.dylib
0x0000000009006000 	/System/Library/Frameworks/ImageIO.framework/Versions/A/Resources/libPng.dylib
0x0000000009006000 	/System/Library/Frameworks/ImageIO.framework/Versions/A/Resources/libGIF.dylib
0x0000000009006000 	/System/Library/Frameworks/ImageIO.framework/Versions/A/Resources/libJP2.dylib
0x0000000009006000 	/System/Library/Frameworks/ImageIO.framework/Versions/A/Resources/libRadiance.dylib
0x0000000009006000 	/usr/lib/libcups.2.dylib
0x0000000009006000 	/System/Library/Frameworks/Kerberos.framework/Versions/A/Kerberos
0x0000000009006000 	/System/Library/Frameworks/GSS.framework/Versions/A/GSS
0x0000000009006000 	/usr/lib/libresolv.9.dylib
0x0000000009006000 	/usr/lib/libiconv.2.dylib
0x0000000009006000 	/System/Library/PrivateFrameworks/Heimdal.framework/Versions/A/Heimdal
0x0000000009006000 	/System/Library/PrivateFrameworks/TrustEvaluationAgent.framework/Versions/A/TrustEvaluationAgent
0x0000000009006000 	/System/Library/Frameworks/OpenDirectory.framework/Versions/A/OpenDirectory
0x0000000009006000 	/System/Library/PrivateFrameworks/CommonAuth.framework/Versions/A/CommonAuth
0x0000000009006000 	/System/Library/PrivateFrameworks/Bom.framework/Versions/A/Bom
0x0000000009006000 	/System/Library/Frameworks/CoreVideo.framework/Versions/A/CoreVideo
0x0000000009006000 	/System/Library/Frameworks/QuartzCore.framework/Versions/A/Frameworks/CoreImage.framework/Versions/A/CoreImage
0x0000000009006000 	/System/Library/Frameworks/QuartzCore.framework/Versions/A/Frameworks/ScalableUserInterface.framework/Versions/A/ScalableUserInterface
0x0000000009006000 	/System/Library/Frameworks/OpenGL.framework/Versions/A/Libraries/libGLU.dylib
0x0000000009006000 	/System/Library/Frameworks/OpenGL.framework/Versions/A/Libraries/libGFXShared.dylib
0x0000000009006000 	/System/Library/Frameworks/OpenGL.framework/Versions/A/Libraries/libGL.dylib
0x0000000009006000 	/System/Library/Frameworks/OpenGL.framework/Versions/A/Libraries/libGLImage.dylib
0x0000000009006000 	/System/Library/Frameworks/OpenGL.framework/Versions/A/Libraries/libCVMSPluginSupport.dylib
0x0000000009006000 	/System/Library/Frameworks/OpenGL.framework/Versions/A/Libraries/libCoreVMClient.dylib
0x0000000009006000 	/System/Library/PrivateFrameworks/CrashReporterSupport.framework/Versions/A/CrashReporterSupport
0x0000000009006000 	/System/Library/Frameworks/OpenCL.framework/Versions/A/OpenCL
0x0000000009006000 	/System/Library/PrivateFrameworks/FaceCoreLight.framework/Versions/A/FaceCoreLight
0x0000000009006000 	/System/Library/PrivateFrameworks/AppleFSCompression.framework/Versions/A/AppleFSCompression
0x0000000009006000 	/System/Library/PrivateFrameworks/Ubiquity.framework/Versions/A/Ubiquity
0x0000000009006000 	/System/Library/Frameworks/ServiceManagement.framework/Versions/A/ServiceManagement
0x0000000009006000 	/System/Library/PrivateFrameworks/ChunkingLibrary.framework/Versions/A/ChunkingLibrary
0x0000000009006000 	/System/Library/Frameworks/vecLib.framework/Versions/A/vecLib
0x0000000009006000 	/System/Library/Frameworks/SecurityFoundation.framework/Versions/A/SecurityFoundation
0x0000000009006000 	/System/Library/PrivateFrameworks/CommerceKit.framework/Versions/A/Frameworks/CommerceCore.framework/Versions/A/CommerceCore
0x0000000009006000 	/System/Library/PrivateFrameworks/CoreSymbolication.framework/Versions/A/CoreSymbolication
0x0000000009006000 	/System/Library/PrivateFrameworks/Symbolication.framework/Versions/A/Symbolication
0x0000000009006000 	/System/Library/PrivateFrameworks/DebugSymbols.framework/Versions/A/DebugSymbols
0x000000010f244000 	/Library/Java/JavaVirtualMachines/jdk1.8.0_45.jdk/Contents/Home/jre/lib/server/libjvm.dylib
0x00000001102b0000 	/Library/Java/JavaVirtualMachines/jdk1.8.0_45.jdk/Contents/Home/jre/lib/libverify.dylib
0x00000001102be000 	/Library/Java/JavaVirtualMachines/jdk1.8.0_45.jdk/Contents/Home/jre/lib/libjava.dylib
0x0000000110380000 	/Library/Java/JavaVirtualMachines/jdk1.8.0_45.jdk/Contents/Home/jre/lib/libzip.dylib
0x000000011f7e1000 	/System/Library/Frameworks/JavaVM.framework/Frameworks/JavaRuntimeSupport.framework/JavaRuntimeSupport
0x00000001a3871000 	/System/Library/Frameworks/JavaVM.framework/Versions/A/Frameworks/JavaNativeFoundation.framework/Versions/A/JavaNativeFoundation
0x00000001a3887000 	/System/Library/Frameworks/JavaVM.framework/Versions/A/JavaVM
0x0000000009006000 	/System/Library/Frameworks/Carbon.framework/Versions/A/Carbon
0x00000001a3894000 	/System/Library/PrivateFrameworks/JavaLaunching.framework/Versions/A/JavaLaunching
0x0000000009006000 	/System/Library/Frameworks/Carbon.framework/Versions/A/Frameworks/CommonPanels.framework/Versions/A/CommonPanels
0x0000000009006000 	/System/Library/Frameworks/Carbon.framework/Versions/A/Frameworks/Help.framework/Versions/A/Help
0x0000000009006000 	/System/Library/Frameworks/Carbon.framework/Versions/A/Frameworks/ImageCapture.framework/Versions/A/ImageCapture
0x0000000009006000 	/System/Library/Frameworks/Carbon.framework/Versions/A/Frameworks/OpenScripting.framework/Versions/A/OpenScripting
0x0000000009006000 	/System/Library/Frameworks/Carbon.framework/Versions/A/Frameworks/Print.framework/Versions/A/Print
0x0000000009006000 	/System/Library/Frameworks/Carbon.framework/Versions/A/Frameworks/SecurityHI.framework/Versions/A/SecurityHI
0x00000001a4685000 	/private/var/folders/5g/qzf95nhd1cz1b99k8thtkx4w0000gp/T/native-platform5435068200269718940dir/libnative-platform.dylib
0x00000001a468a000 	/Library/Java/JavaVirtualMachines/jdk1.8.0_45.jdk/Contents/Home/jre/lib/libnet.dylib
0x00000001a46a1000 	/Library/Java/JavaVirtualMachines/jdk1.8.0_45.jdk/Contents/Home/jre/lib/libnio.dylib
0x00000001a41f1000 	/Library/Java/JavaVirtualMachines/jdk1.8.0_45.jdk/Contents/Home/jre/lib/libsunec.dylib

VM Arguments:
jvm_args: -XX:MaxPermSize=256m -XX:+HeapDumpOnOutOfMemoryError -Xmx1024m -Dfile.encoding=UTF-8 -Duser.country=US -Duser.language=en -Duser.variant 
java_command: org.gradle.launcher.daemon.bootstrap.GradleDaemon 2.2.1 /Users/levani/.gradle/daemon 10800000 42acccc6-adc6-4302-b6de-a5394d7981fa -XX:MaxPermSize=256m -XX:+HeapDumpOnOutOfMemoryError -Xmx1024m -Dfile.encoding=UTF-8 -Duser.country=US -Duser.language=en -Duser.variant
java_class_path (initial): /Applications/Android Studio.app/Contents/gradle/gradle-2.2.1/lib/gradle-launcher-2.2.1.jar
Launcher Type: SUN_STANDARD

Environment Variables:
PATH=/usr/bin:/bin:/usr/sbin:/sbin
SHELL=/bin/bash

Signal Handlers:
SIGSEGV: [libjvm.dylib+0x58ef95], sa_mask[0]=11111111011111110111111111111111, sa_flags=SA_ONSTACK|SA_RESTART|SA_SIGINFO
SIGBUS: [libjvm.dylib+0x58ef95], sa_mask[0]=11111111011111110111111111111111, sa_flags=SA_RESTART|SA_SIGINFO
SIGFPE: [libjvm.dylib+0x46c108], sa_mask[0]=11111111011111110111111111111111, sa_flags=SA_RESTART|SA_SIGINFO
SIGPIPE: [libjvm.dylib+0x46c108], sa_mask[0]=11111111011111110111111111111111, sa_flags=SA_RESTART|SA_SIGINFO
SIGXFSZ: [libjvm.dylib+0x46c108], sa_mask[0]=11111111011111110111111111111111, sa_flags=SA_RESTART|SA_SIGINFO
SIGILL: [libjvm.dylib+0x46c108], sa_mask[0]=11111111011111110111111111111111, sa_flags=SA_RESTART|SA_SIGINFO
SIGUSR1: SIG_DFL, sa_mask[0]=00000000000000000000000000000000, sa_flags=SA_RESTART
SIGUSR2: [libjvm.dylib+0x46bc26], sa_mask[0]=00100000000000000000000000000000, sa_flags=SA_RESTART|SA_SIGINFO
SIGHUP: [libjvm.dylib+0x46a1f9], sa_mask[0]=11111111011111110111111111111111, sa_flags=SA_RESTART|SA_SIGINFO
SIGINT: [libjvm.dylib+0x46a1f9], sa_mask[0]=11111111011111110111111111111111, sa_flags=SA_RESTART|SA_SIGINFO
SIGTERM: [libjvm.dylib+0x46a1f9], sa_mask[0]=11111111011111110111111111111111, sa_flags=SA_RESTART|SA_SIGINFO
SIGQUIT: [libjvm.dylib+0x46a1f9], sa_mask[0]=11111111011111110111111111111111, sa_flags=SA_RESTART|SA_SIGINFO


---------------  S Y S T E M  ---------------

OS:Bsduname:Darwin 12.5.0 Darwin Kernel Version 12.5.0: Sun Sep 29 13:33:47 PDT 2013; root:xnu-2050.48.12~1/RELEASE_X86_64 x86_64
rlimit: STACK 8192k, CORE 0k, NPROC 709, NOFILE 10240, AS infinity
load average:2.96 2.61 2.64

CPU:total 2 (2 cores per cpu, 1 threads per core) family 6 model 23 stepping 10, cmov, cx8, fxsr, mmx, sse, sse2, sse3, ssse3, sse4.1, tsc

Memory: 4k page, physical 8388608k(100720k free)

/proc/meminfo:


vm_info: Java HotSpot(TM) 64-Bit Server VM (25.45-b02) for bsd-amd64 JRE (1.8.0_45-b14), built on Apr 10 2015 10:46:38 by "java_re" with gcc 4.2.1 (Based on Apple Inc. build 5658) (LLVM build 2336.11.00)

time: Wed Jul 15 22:54:56 2015
elapsed time: 107097 seconds (1d 5h 44m 57s)

